# JRE version: OpenJDK Runtime Environment (11.0.10) (build 11.0.10+0-b96-7249189)
# Java VM: OpenJDK 64-Bit Server VM (11.0.10+0-b96-7249189, mixed mode, tiered, compressed oops, g1 gc, windows-amd64)
Heap:
 garbage-first heap   total 485376K, used 183208K [0x0000000080000000, 0x0000000100000000)
  region size 1024K, 35 young (35840K), 1 survivors (1024K)
 Metaspace       used 160402K, capacity 165559K, committed 165760K, reserved 1193984K
  class space    used 19645K, capacity 21545K, committed 21632K, reserved 1048576K
GC Heap History (20 events):
Event: 8520.787 GC heap before
{Heap before GC invocations=142 (full 0):
 garbage-first heap   total 485376K, used 155859K [0x0000000080000000, 0x0000000100000000)
  region size 1024K, 23 young (23552K), 3 survivors (3072K)
 Metaspace       used 157238K, capacity 162263K, committed 163200K, reserved 1191936K
  class space    used 19290K, capacity 21145K, committed 21376K, reserved 1048576K
}
Event: 8520.833 GC heap after
{Heap after GC invocations=143 (full 0):
 garbage-first heap   total 485376K, used 132120K [0x0000000080000000, 0x0000000100000000)
  region size 1024K, 3 young (3072K), 3 survivors (3072K)
 Metaspace       used 157238K, capacity 162263K, committed 163200K, reserved 1191936K
  class space    used 19290K, capacity 21145K, committed 21376K, reserved 1048576K
}
Event: 8521.665 GC heap before
{Heap before GC invocations=143 (full 0):
 garbage-first heap   total 485376K, used 151576K [0x0000000080000000, 0x0000000100000000)
  region size 1024K, 23 young (23552K), 3 survivors (3072K)
 Metaspace       used 157385K, capacity 162422K, committed 163200K, reserved 1191936K
  class space    used 19302K, capacity 21151K, committed 21376K, reserved 1048576K
}
Event: 8521.696 GC heap after
{Heap after GC invocations=144 (full 0):
 garbage-first heap   total 485376K, used 132631K [0x0000000080000000, 0x0000000100000000)
  region size 1024K, 2 young (2048K), 2 survivors (2048K)
 Metaspace       used 157385K, capacity 162422K, committed 163200K, reserved 1191936K
  class space    used 19302K, capacity 21151K, committed 21376K, reserved 1048576K
}
Event: 8522.101 GC heap before
{Heap before GC invocations=144 (full 0):
 garbage-first heap   total 485376K, used 154135K [0x0000000080000000, 0x0000000100000000)
  region size 1024K, 24 young (24576K), 2 survivors (2048K)
 Metaspace       used 157435K, capacity 162486K, committed 163200K, reserved 1191936K
  class space    used 19302K, capacity 21151K, committed 21376K, reserved 1048576K
}
Event: 8522.129 GC heap after
{Heap after GC invocations=145 (full 0):
 garbage-first heap   total 485376K, used 137767K [0x0000000080000000, 0x0000000100000000)
  region size 1024K, 3 young (3072K), 3 survivors (3072K)
 Metaspace       used 157435K, capacity 162486K, committed 163200K, reserved 1191936K
  class space    used 19302K, capacity 21151K, committed 21376K, reserved 1048576K
}
Event: 8522.526 GC heap before
{Heap before GC invocations=145 (full 0):
 garbage-first heap   total 485376K, used 160295K [0x0000000080000000, 0x0000000100000000)
  region size 1024K, 23 young (23552K), 3 survivors (3072K)
 Metaspace       used 157433K, capacity 162483K, committed 163200K, reserved 1191936K
  class space    used 19302K, capacity 21150K, committed 21376K, reserved 1048576K
}
Event: 8522.561 GC heap after
{Heap after GC invocations=146 (full 0):
 garbage-first heap   total 485376K, used 146850K [0x0000000080000000, 0x0000000100000000)
  region size 1024K, 3 young (3072K), 3 survivors (3072K)
 Metaspace       used 157433K, capacity 162483K, committed 163200K, reserved 1191936K
  class space    used 19302K, capacity 21150K, committed 21376K, reserved 1048576K
}
Event: 8526.219 GC heap before
{Heap before GC invocations=147 (full 0):
 garbage-first heap   total 485376K, used 262562K [0x0000000080000000, 0x0000000100000000)
  region size 1024K, 108 young (110592K), 3 survivors (3072K)
 Metaspace       used 160129K, capacity 165273K, committed 165504K, reserved 1193984K
  class space    used 19625K, capacity 21527K, committed 21632K, reserved 1048576K
}
Event: 8526.556 GC heap after
{Heap after GC invocations=148 (full 0):
 garbage-first heap   total 485376K, used 157610K [0x0000000080000000, 0x0000000100000000)
  region size 1024K, 13 young (13312K), 13 survivors (13312K)
 Metaspace       used 160129K, capacity 165273K, committed 165504K, reserved 1193984K
  class space    used 19625K, capacity 21527K, committed 21632K, reserved 1048576K
}
Event: 8526.587 GC heap before
{Heap before GC invocations=148 (full 0):
 garbage-first heap   total 485376K, used 167850K [0x0000000080000000, 0x0000000100000000)
  region size 1024K, 23 young (23552K), 13 survivors (13312K)
 Metaspace       used 160129K, capacity 165273K, committed 165504K, reserved 1193984K
  class space    used 19625K, capacity 21527K, committed 21632K, reserved 1048576K
}
Event: 8526.658 GC heap after
{Heap after GC invocations=149 (full 0):
 garbage-first heap   total 485376K, used 148945K [0x0000000080000000, 0x0000000100000000)
  region size 1024K, 1 young (1024K), 1 survivors (1024K)
 Metaspace       used 160129K, capacity 165273K, committed 165504K, reserved 1193984K
  class space    used 19625K, capacity 21527K, committed 21632K, reserved 1048576K
}
Event: 8526.858 GC heap before
{Heap before GC invocations=149 (full 0):
 garbage-first heap   total 485376K, used 160209K [0x0000000080000000, 0x0000000100000000)
  region size 1024K, 14 young (14336K), 1 survivors (1024K)
 Metaspace       used 160181K, capacity 165337K, committed 165504K, reserved 1193984K
  class space    used 19630K, capacity 21527K, committed 21632K, reserved 1048576K
}
Event: 8526.879 GC heap after
{Heap after GC invocations=150 (full 0):
 garbage-first heap   total 485376K, used 152576K [0x0000000080000000, 0x0000000100000000)
  region size 1024K, 3 young (3072K), 3 survivors (3072K)
 Metaspace       used 160181K, capacity 165337K, committed 165504K, reserved 1193984K
  class space    used 19630K, capacity 21527K, committed 21632K, reserved 1048576K
}
Event: 8527.511 GC heap before
{Heap before GC invocations=151 (full 0):
 garbage-first heap   total 485376K, used 194560K [0x0000000080000000, 0x0000000100000000)
  region size 1024K, 29 young (29696K), 3 survivors (3072K)
 Metaspace       used 160258K, capacity 165425K, committed 165760K, reserved 1193984K
  class space    used 19639K, capacity 21544K, committed 21632K, reserved 1048576K
}
Event: 8527.530 GC heap after
{Heap after GC invocations=152 (full 0):
 garbage-first heap   total 485376K, used 156574K [0x0000000080000000, 0x0000000100000000)
  region size 1024K, 4 young (4096K), 4 survivors (4096K)
 Metaspace       used 160258K, capacity 165425K, committed 165760K, reserved 1193984K
  class space    used 19639K, capacity 21544K, committed 21632K, reserved 1048576K
}
Event: 8527.855 GC heap before
{Heap before GC invocations=152 (full 0):
 garbage-first heap   total 485376K, used 176030K [0x0000000080000000, 0x0000000100000000)
  region size 1024K, 23 young (23552K), 4 survivors (4096K)
 Metaspace       used 160268K, capacity 165425K, committed 165760K, reserved 1193984K
  class space    used 19639K, capacity 21544K, committed 21632K, reserved 1048576K
}
Event: 8527.877 GC heap after
{Heap after GC invocations=153 (full 0):
 garbage-first heap   total 485376K, used 159886K [0x0000000080000000, 0x0000000100000000)
  region size 1024K, 3 young (3072K), 3 survivors (3072K)
 Metaspace       used 160268K, capacity 165425K, committed 165760K, reserved 1193984K
  class space    used 19639K, capacity 21544K, committed 21632K, reserved 1048576K
}
Event: 8528.762 GC heap before
{Heap before GC invocations=153 (full 0):
 garbage-first heap   total 485376K, used 182414K [0x0000000080000000, 0x0000000100000000)
  region size 1024K, 25 young (25600K), 3 survivors (3072K)
 Metaspace       used 160329K, capacity 165489K, committed 165760K, reserved 1193984K
  class space    used 19640K, capacity 21544K, committed 21632K, reserved 1048576K
}
Event: 8528.772 GC heap after
{Heap after GC invocations=154 (full 0):
 garbage-first heap   total 485376K, used 159656K [0x0000000080000000, 0x0000000100000000)
  region size 1024K, 1 young (1024K), 1 survivors (1024K)
 Metaspace       used 160329K, capacity 165489K, committed 165760K, reserved 1193984K
  class space    used 19640K, capacity 21544K, committed 21632K, reserved 1048576K
}

