# JRE version: OpenJDK Runtime Environment (11.0.10) (build 11.0.10+0-b96-7249189)
# Java VM: OpenJDK 64-Bit Server VM (11.0.10+0-b96-7249189, mixed mode, tiered, compressed oops, g1 gc, windows-amd64)
Heap:
 garbage-first heap   total 278528K, used 201819K [0x0000000080000000, 0x0000000100000000)
  region size 1024K, 40 young (40960K), 8 survivors (8192K)
 Metaspace       used 158487K, capacity 163905K, committed 176932K, reserved 1204224K
  class space    used 19238K, capacity 21223K, committed 23168K, reserved 1048576K
GC Heap History (20 events):
Event: 2554.589 GC heap before
{Heap before GC invocations=143 (full 0):
 garbage-first heap   total 278528K, used 221275K [0x0000000080000000, 0x0000000100000000)
  region size 1024K, 55 young (56320K), 1 survivors (1024K)
 Metaspace       used 170182K, capacity 176243K, committed 176548K, reserved 1202176K
  class space    used 20787K, capacity 22989K, committed 23040K, reserved 1048576K
}
Event: 2554.595 GC heap after
{Heap after GC invocations=144 (full 0):
 garbage-first heap   total 278528K, used 165901K [0x0000000080000000, 0x0000000100000000)
  region size 1024K, 3 young (3072K), 3 survivors (3072K)
 Metaspace       used 170182K, capacity 176243K, committed 176548K, reserved 1202176K
  class space    used 20787K, capacity 22989K, committed 23040K, reserved 1048576K
}
Event: 2558.896 GC heap before
{Heap before GC invocations=144 (full 0):
 garbage-first heap   total 278528K, used 226317K [0x0000000080000000, 0x0000000100000000)
  region size 1024K, 59 young (60416K), 3 survivors (3072K)
 Metaspace       used 170246K, capacity 176309K, committed 176548K, reserved 1202176K
  class space    used 20787K, capacity 22989K, committed 23040K, reserved 1048576K
}
Event: 2558.906 GC heap after
{Heap after GC invocations=145 (full 0):
 garbage-first heap   total 278528K, used 173032K [0x0000000080000000, 0x0000000100000000)
  region size 1024K, 6 young (6144K), 6 survivors (6144K)
 Metaspace       used 170246K, capacity 176309K, committed 176548K, reserved 1202176K
  class space    used 20787K, capacity 22989K, committed 23040K, reserved 1048576K
}
Event: 2559.673 GC heap before
{Heap before GC invocations=145 (full 0):
 garbage-first heap   total 278528K, used 231400K [0x0000000080000000, 0x0000000100000000)
  region size 1024K, 60 young (61440K), 6 survivors (6144K)
 Metaspace       used 170344K, capacity 176445K, committed 176548K, reserved 1202176K
  class space    used 20787K, capacity 22989K, committed 23040K, reserved 1048576K
}
Event: 2559.696 GC heap after
{Heap after GC invocations=146 (full 0):
 garbage-first heap   total 278528K, used 181771K [0x0000000080000000, 0x0000000100000000)
  region size 1024K, 8 young (8192K), 8 survivors (8192K)
 Metaspace       used 170344K, capacity 176445K, committed 176548K, reserved 1202176K
  class space    used 20787K, capacity 22989K, committed 23040K, reserved 1048576K
}
Event: 2560.196 GC heap before
{Heap before GC invocations=146 (full 0):
 garbage-first heap   total 278528K, used 227851K [0x0000000080000000, 0x0000000100000000)
  region size 1024K, 54 young (55296K), 8 survivors (8192K)
 Metaspace       used 170371K, capacity 176447K, committed 176548K, reserved 1202176K
  class space    used 20787K, capacity 22989K, committed 23040K, reserved 1048576K
}
Event: 2560.212 GC heap after
{Heap after GC invocations=147 (full 0):
 garbage-first heap   total 278528K, used 183569K [0x0000000080000000, 0x0000000100000000)
  region size 1024K, 3 young (3072K), 3 survivors (3072K)
 Metaspace       used 170371K, capacity 176447K, committed 176548K, reserved 1202176K
  class space    used 20787K, capacity 22989K, committed 23040K, reserved 1048576K
}
Event: 2561.706 GC heap before
{Heap before GC invocations=147 (full 0):
 garbage-first heap   total 278528K, used 232721K [0x0000000080000000, 0x0000000100000000)
  region size 1024K, 49 young (50176K), 3 survivors (3072K)
 Metaspace       used 170409K, capacity 176514K, committed 176804K, reserved 1204224K
  class space    used 20788K, capacity 22990K, committed 23040K, reserved 1048576K
}
Event: 2561.713 GC heap after
{Heap after GC invocations=148 (full 0):
 garbage-first heap   total 278528K, used 182407K [0x0000000080000000, 0x0000000100000000)
  region size 1024K, 2 young (2048K), 2 survivors (2048K)
 Metaspace       used 170409K, capacity 176514K, committed 176804K, reserved 1204224K
  class space    used 20788K, capacity 22990K, committed 23040K, reserved 1048576K
}
Event: 2562.052 GC heap before
{Heap before GC invocations=148 (full 0):
 garbage-first heap   total 278528K, used 199815K [0x0000000080000000, 0x0000000100000000)
  region size 1024K, 16 young (16384K), 2 survivors (2048K)
 Metaspace       used 170409K, capacity 176514K, committed 176804K, reserved 1204224K
  class space    used 20788K, capacity 22990K, committed 23040K, reserved 1048576K
}
Event: 2562.058 GC heap after
{Heap after GC invocations=149 (full 0):
 garbage-first heap   total 278528K, used 186602K [0x0000000080000000, 0x0000000100000000)
  region size 1024K, 2 young (2048K), 2 survivors (2048K)
 Metaspace       used 170409K, capacity 176514K, committed 176804K, reserved 1204224K
  class space    used 20788K, capacity 22990K, committed 23040K, reserved 1048576K
}
Event: 2622.074 GC heap before
{Heap before GC invocations=150 (full 0):
 garbage-first heap   total 278528K, used 233706K [0x0000000080000000, 0x0000000100000000)
  region size 1024K, 43 young (44032K), 2 survivors (2048K)
 Metaspace       used 158207K, capacity 163565K, committed 176932K, reserved 1204224K
  class space    used 19199K, capacity 21155K, committed 23168K, reserved 1048576K
}
Event: 2622.095 GC heap after
{Heap after GC invocations=151 (full 0):
 garbage-first heap   total 278528K, used 184056K [0x0000000080000000, 0x0000000100000000)
  region size 1024K, 6 young (6144K), 6 survivors (6144K)
 Metaspace       used 158207K, capacity 163565K, committed 176932K, reserved 1204224K
  class space    used 19199K, capacity 21155K, committed 23168K, reserved 1048576K
}
Event: 2622.242 GC heap before
{Heap before GC invocations=151 (full 0):
 garbage-first heap   total 278528K, used 190200K [0x0000000080000000, 0x0000000100000000)
  region size 1024K, 13 young (13312K), 6 survivors (6144K)
 Metaspace       used 158208K, capacity 163565K, committed 176932K, reserved 1204224K
  class space    used 19199K, capacity 21155K, committed 23168K, reserved 1048576K
}
Event: 2622.281 GC heap after
{Heap after GC invocations=152 (full 0):
 garbage-first heap   total 278528K, used 162606K [0x0000000080000000, 0x0000000100000000)
  region size 1024K, 2 young (2048K), 2 survivors (2048K)
 Metaspace       used 158208K, capacity 163565K, committed 176932K, reserved 1204224K
  class space    used 19199K, capacity 21155K, committed 23168K, reserved 1048576K
}
Event: 2829.285 GC heap before
{Heap before GC invocations=152 (full 0):
 garbage-first heap   total 278528K, used 217902K [0x0000000080000000, 0x0000000100000000)
  region size 1024K, 57 young (58368K), 2 survivors (2048K)
 Metaspace       used 158408K, capacity 163838K, committed 176932K, reserved 1204224K
  class space    used 19237K, capacity 21223K, committed 23168K, reserved 1048576K
}
Event: 2829.473 GC heap after
{Heap after GC invocations=153 (full 0):
 garbage-first heap   total 278528K, used 166202K [0x0000000080000000, 0x0000000100000000)
  region size 1024K, 5 young (5120K), 5 survivors (5120K)
 Metaspace       used 158408K, capacity 163838K, committed 176932K, reserved 1204224K
  class space    used 19237K, capacity 21223K, committed 23168K, reserved 1048576K
}
Event: 2831.555 GC heap before
{Heap before GC invocations=153 (full 0):
 garbage-first heap   total 278528K, used 221498K [0x0000000080000000, 0x0000000100000000)
  region size 1024K, 60 young (61440K), 5 survivors (5120K)
 Metaspace       used 158477K, capacity 163905K, committed 176932K, reserved 1204224K
  class space    used 19238K, capacity 21223K, committed 23168K, reserved 1048576K
}
Event: 2831.586 GC heap after
{Heap after GC invocations=154 (full 0):
 garbage-first heap   total 278528K, used 171099K [0x0000000080000000, 0x0000000100000000)
  region size 1024K, 8 young (8192K), 8 survivors (8192K)
 Metaspace       used 158477K, capacity 163905K, committed 176932K, reserved 1204224K
  class space    used 19238K, capacity 21223K, committed 23168K, reserved 1048576K
}

