# JRE version: OpenJDK Runtime Environment (11.0.10) (build 11.0.10+0-b96-7249189)
# Java VM: OpenJDK 64-Bit Server VM (11.0.10+0-b96-7249189, mixed mode, tiered, compressed oops, g1 gc, windows-amd64)
Heap:
 garbage-first heap   total 434176K, used 283582K [0x0000000080000000, 0x0000000100000000)
  region size 1024K, 99 young (101376K), 12 survivors (12288K)
 Metaspace       used 144962K, capacity 148751K, committed 148888K, reserved 1179648K
  class space    used 17701K, capacity 19109K, committed 19200K, reserved 1048576K
GC Heap History (20 events):
Event: 1272.177 GC heap before
{Heap before GC invocations=158 (full 0):
 garbage-first heap   total 352256K, used 304729K [0x0000000080000000, 0x0000000100000000)
  region size 1024K, 115 young (117760K), 9 survivors (9216K)
 Metaspace       used 144536K, capacity 148266K, committed 148632K, reserved 1179648K
  class space    used 17644K, capacity 19022K, committed 19200K, reserved 1048576K
}
Event: 1272.192 GC heap after
{Heap after GC invocations=159 (full 0):
 garbage-first heap   total 352256K, used 193182K [0x0000000080000000, 0x0000000100000000)
  region size 1024K, 4 young (4096K), 4 survivors (4096K)
 Metaspace       used 144536K, capacity 148266K, committed 148632K, reserved 1179648K
  class space    used 17644K, capacity 19022K, committed 19200K, reserved 1048576K
}
Event: 1272.737 GC heap before
{Heap before GC invocations=160 (full 0):
 garbage-first heap   total 352256K, used 307870K [0x0000000080000000, 0x0000000100000000)
  region size 1024K, 116 young (118784K), 4 survivors (4096K)
 Metaspace       used 144538K, capacity 148268K, committed 148632K, reserved 1179648K
  class space    used 17644K, capacity 19022K, committed 19200K, reserved 1048576K
}
Event: 1272.755 GC heap after
{Heap after GC invocations=161 (full 0):
 garbage-first heap   total 352256K, used 195114K [0x0000000080000000, 0x0000000100000000)
  region size 1024K, 6 young (6144K), 6 survivors (6144K)
 Metaspace       used 144538K, capacity 148268K, committed 148632K, reserved 1179648K
  class space    used 17644K, capacity 19022K, committed 19200K, reserved 1048576K
}
Event: 1272.790 GC heap before
{Heap before GC invocations=161 (full 0):
 garbage-first heap   total 352256K, used 206378K [0x0000000080000000, 0x0000000100000000)
  region size 1024K, 17 young (17408K), 6 survivors (6144K)
 Metaspace       used 144539K, capacity 148268K, committed 148632K, reserved 1179648K
  class space    used 17644K, capacity 19022K, committed 19200K, reserved 1048576K
}
Event: 1272.837 GC heap after
{Heap after GC invocations=162 (full 0):
 garbage-first heap   total 352256K, used 184254K [0x0000000080000000, 0x0000000100000000)
  region size 1024K, 1 young (1024K), 1 survivors (1024K)
 Metaspace       used 144539K, capacity 148268K, committed 148632K, reserved 1179648K
  class space    used 17644K, capacity 19022K, committed 19200K, reserved 1048576K
}
Event: 1273.268 GC heap before
{Heap before GC invocations=162 (full 0):
 garbage-first heap   total 352256K, used 300990K [0x0000000080000000, 0x0000000100000000)
  region size 1024K, 115 young (117760K), 1 survivors (1024K)
 Metaspace       used 144540K, capacity 148268K, committed 148632K, reserved 1179648K
  class space    used 17644K, capacity 19022K, committed 19200K, reserved 1048576K
}
Event: 1273.285 GC heap after
{Heap after GC invocations=163 (full 0):
 garbage-first heap   total 434176K, used 185099K [0x0000000080000000, 0x0000000100000000)
  region size 1024K, 2 young (2048K), 2 survivors (2048K)
 Metaspace       used 144540K, capacity 148268K, committed 148632K, reserved 1179648K
  class space    used 17644K, capacity 19022K, committed 19200K, reserved 1048576K
}
Event: 1275.506 GC heap before
{Heap before GC invocations=163 (full 0):
 garbage-first heap   total 434176K, used 346891K [0x0000000080000000, 0x0000000100000000)
  region size 1024K, 160 young (163840K), 2 survivors (2048K)
 Metaspace       used 144569K, capacity 148334K, committed 148632K, reserved 1179648K
  class space    used 17644K, capacity 19022K, committed 19200K, reserved 1048576K
}
Event: 1275.533 GC heap after
{Heap after GC invocations=164 (full 0):
 garbage-first heap   total 434176K, used 187136K [0x0000000080000000, 0x0000000100000000)
  region size 1024K, 4 young (4096K), 4 survivors (4096K)
 Metaspace       used 144569K, capacity 148334K, committed 148632K, reserved 1179648K
  class space    used 17644K, capacity 19022K, committed 19200K, reserved 1048576K
}
Event: 1276.236 GC heap before
{Heap before GC invocations=164 (full 0):
 garbage-first heap   total 434176K, used 359168K [0x0000000080000000, 0x0000000100000000)
  region size 1024K, 171 young (175104K), 4 survivors (4096K)
 Metaspace       used 144880K, capacity 148725K, committed 148888K, reserved 1179648K
  class space    used 17695K, capacity 19103K, committed 19200K, reserved 1048576K
}
Event: 1276.264 GC heap after
{Heap after GC invocations=165 (full 0):
 garbage-first heap   total 434176K, used 193146K [0x0000000080000000, 0x0000000100000000)
  region size 1024K, 9 young (9216K), 9 survivors (9216K)
 Metaspace       used 144880K, capacity 148725K, committed 148888K, reserved 1179648K
  class space    used 17695K, capacity 19103K, committed 19200K, reserved 1048576K
}
Event: 1277.296 GC heap before
{Heap before GC invocations=165 (full 0):
 garbage-first heap   total 434176K, used 367226K [0x0000000080000000, 0x0000000100000000)
  region size 1024K, 179 young (183296K), 9 survivors (9216K)
 Metaspace       used 144905K, capacity 148746K, committed 148888K, reserved 1179648K
  class space    used 17697K, capacity 19108K, committed 19200K, reserved 1048576K
}
Event: 1277.322 GC heap after
{Heap after GC invocations=166 (full 0):
 garbage-first heap   total 434176K, used 193470K [0x0000000080000000, 0x0000000100000000)
  region size 1024K, 10 young (10240K), 10 survivors (10240K)
 Metaspace       used 144905K, capacity 148746K, committed 148888K, reserved 1179648K
  class space    used 17697K, capacity 19108K, committed 19200K, reserved 1048576K
}
Event: 1277.906 GC heap before
{Heap before GC invocations=166 (full 0):
 garbage-first heap   total 434176K, used 370622K [0x0000000080000000, 0x0000000100000000)
  region size 1024K, 183 young (187392K), 10 survivors (10240K)
 Metaspace       used 144910K, capacity 148747K, committed 148888K, reserved 1179648K
  class space    used 17697K, capacity 19108K, committed 19200K, reserved 1048576K
}
Event: 1277.929 GC heap after
{Heap after GC invocations=167 (full 0):
 garbage-first heap   total 434176K, used 194363K [0x0000000080000000, 0x0000000100000000)
  region size 1024K, 11 young (11264K), 11 survivors (11264K)
 Metaspace       used 144910K, capacity 148747K, committed 148888K, reserved 1179648K
  class space    used 17697K, capacity 19108K, committed 19200K, reserved 1048576K
}
Event: 1278.552 GC heap before
{Heap before GC invocations=167 (full 0):
 garbage-first heap   total 434176K, used 372539K [0x0000000080000000, 0x0000000100000000)
  region size 1024K, 185 young (189440K), 11 survivors (11264K)
 Metaspace       used 144916K, capacity 148747K, committed 148888K, reserved 1179648K
  class space    used 17697K, capacity 19108K, committed 19200K, reserved 1048576K
}
Event: 1278.575 GC heap after
{Heap after GC invocations=168 (full 0):
 garbage-first heap   total 434176K, used 194992K [0x0000000080000000, 0x0000000100000000)
  region size 1024K, 12 young (12288K), 12 survivors (12288K)
 Metaspace       used 144916K, capacity 148747K, committed 148888K, reserved 1179648K
  class space    used 17697K, capacity 19108K, committed 19200K, reserved 1048576K
}
Event: 1279.355 GC heap before
{Heap before GC invocations=168 (full 0):
 garbage-first heap   total 434176K, used 374192K [0x0000000080000000, 0x0000000100000000)
  region size 1024K, 187 young (191488K), 12 survivors (12288K)
 Metaspace       used 144951K, capacity 148751K, committed 148888K, reserved 1179648K
  class space    used 17701K, capacity 19109K, committed 19200K, reserved 1048576K
}
Event: 1279.380 GC heap after
{Heap after GC invocations=169 (full 0):
 garbage-first heap   total 434176K, used 195518K [0x0000000080000000, 0x0000000100000000)
  region size 1024K, 12 young (12288K), 12 survivors (12288K)
 Metaspace       used 144951K, capacity 148751K, committed 148888K, reserved 1179648K
  class space    used 17701K, capacity 19109K, committed 19200K, reserved 1048576K
}

