# JRE version: OpenJDK Runtime Environment (11.0.10) (build 11.0.10+0-b96-7249189)
# Java VM: OpenJDK 64-Bit Server VM (11.0.10+0-b96-7249189, mixed mode, tiered, compressed oops, g1 gc, windows-amd64)
Heap:
 garbage-first heap   total 584704K, used 470249K [0x0000000080000000, 0x0000000100000000)
  region size 1024K, 23 young (23552K), 3 survivors (3072K)
 Metaspace       used 142284K, capacity 146668K, committed 146760K, reserved 1177600K
  class space    used 17493K, capacity 19109K, committed 19200K, reserved 1048576K
GC Heap History (20 events):
Event: 1847.365 GC heap before
{Heap before GC invocations=93 (full 0):
 garbage-first heap   total 584704K, used 453708K [0x0000000080000000, 0x0000000100000000)
  region size 1024K, 63 young (64512K), 3 survivors (3072K)
 Metaspace       used 138452K, capacity 142731K, committed 142792K, reserved 1173504K
  class space    used 17236K, capacity 18796K, committed 18816K, reserved 1048576K
}
Event: 1847.380 GC heap after
{Heap after GC invocations=94 (full 0):
 garbage-first heap   total 584704K, used 401286K [0x0000000080000000, 0x0000000100000000)
  region size 1024K, 8 young (8192K), 8 survivors (8192K)
 Metaspace       used 138452K, capacity 142731K, committed 142792K, reserved 1173504K
  class space    used 17236K, capacity 18796K, committed 18816K, reserved 1048576K
}
Event: 2004.571 GC heap before
{Heap before GC invocations=94 (full 0):
 garbage-first heap   total 584704K, used 487302K [0x0000000080000000, 0x0000000100000000)
  region size 1024K, 69 young (70656K), 8 survivors (8192K)
 Metaspace       used 138565K, capacity 142844K, committed 143048K, reserved 1173504K
  class space    used 17241K, capacity 18806K, committed 18816K, reserved 1048576K
}
Event: 2004.676 GC heap after
{Heap after GC invocations=95 (full 0):
 garbage-first heap   total 584704K, used 403816K [0x0000000080000000, 0x0000000100000000)
  region size 1024K, 3 young (3072K), 3 survivors (3072K)
 Metaspace       used 138565K, capacity 142844K, committed 143048K, reserved 1173504K
  class space    used 17241K, capacity 18806K, committed 18816K, reserved 1048576K
}
Event: 2006.909 GC heap before
{Heap before GC invocations=95 (full 0):
 garbage-first heap   total 584704K, used 474472K [0x0000000080000000, 0x0000000100000000)
  region size 1024K, 67 young (68608K), 3 survivors (3072K)
 Metaspace       used 138786K, capacity 143127K, committed 143304K, reserved 1173504K
  class space    used 17247K, capacity 18813K, committed 18816K, reserved 1048576K
}
Event: 2006.957 GC heap after
{Heap after GC invocations=96 (full 0):
 garbage-first heap   total 584704K, used 421704K [0x0000000080000000, 0x0000000100000000)
  region size 1024K, 9 young (9216K), 9 survivors (9216K)
 Metaspace       used 138786K, capacity 143127K, committed 143304K, reserved 1173504K
  class space    used 17247K, capacity 18813K, committed 18816K, reserved 1048576K
}
Event: 2008.254 GC heap before
{Heap before GC invocations=96 (full 0):
 garbage-first heap   total 584704K, used 493384K [0x0000000080000000, 0x0000000100000000)
  region size 1024K, 65 young (66560K), 9 survivors (9216K)
 Metaspace       used 139535K, capacity 143894K, committed 144200K, reserved 1175552K
  class space    used 17294K, capacity 18852K, committed 18944K, reserved 1048576K
}
Event: 2008.308 GC heap after
{Heap after GC invocations=97 (full 0):
 garbage-first heap   total 584704K, used 427481K [0x0000000080000000, 0x0000000100000000)
  region size 1024K, 5 young (5120K), 5 survivors (5120K)
 Metaspace       used 139535K, capacity 143894K, committed 144200K, reserved 1175552K
  class space    used 17294K, capacity 18852K, committed 18944K, reserved 1048576K
}
Event: 2013.031 GC heap before
{Heap before GC invocations=97 (full 0):
 garbage-first heap   total 584704K, used 483801K [0x0000000080000000, 0x0000000100000000)
  region size 1024K, 61 young (62464K), 5 survivors (5120K)
 Metaspace       used 141648K, capacity 146006K, committed 146120K, reserved 1177600K
  class space    used 17457K, capacity 19044K, committed 19072K, reserved 1048576K
}
Event: 2013.049 GC heap after
{Heap after GC invocations=98 (full 0):
 garbage-first heap   total 584704K, used 429959K [0x0000000080000000, 0x0000000100000000)
  region size 1024K, 5 young (5120K), 5 survivors (5120K)
 Metaspace       used 141648K, capacity 146006K, committed 146120K, reserved 1177600K
  class space    used 17457K, capacity 19044K, committed 19072K, reserved 1048576K
}
Event: 2103.836 GC heap before
{Heap before GC invocations=98 (full 0):
 garbage-first heap   total 584704K, used 497543K [0x0000000080000000, 0x0000000100000000)
  region size 1024K, 63 young (64512K), 5 survivors (5120K)
 Metaspace       used 141832K, capacity 146199K, committed 146504K, reserved 1177600K
  class space    used 17474K, capacity 19074K, committed 19200K, reserved 1048576K
}
Event: 2103.850 GC heap after
{Heap after GC invocations=99 (full 0):
 garbage-first heap   total 584704K, used 429759K [0x0000000080000000, 0x0000000100000000)
  region size 1024K, 4 young (4096K), 4 survivors (4096K)
 Metaspace       used 141832K, capacity 146199K, committed 146504K, reserved 1177600K
  class space    used 17474K, capacity 19074K, committed 19200K, reserved 1048576K
}
Event: 2105.576 GC heap before
{Heap before GC invocations=99 (full 0):
 garbage-first heap   total 584704K, used 496319K [0x0000000080000000, 0x0000000100000000)
  region size 1024K, 65 young (66560K), 4 survivors (4096K)
 Metaspace       used 141973K, capacity 146342K, committed 146504K, reserved 1177600K
  class space    used 17475K, capacity 19076K, committed 19200K, reserved 1048576K
}
Event: 2105.618 GC heap after
{Heap after GC invocations=100 (full 0):
 garbage-first heap   total 584704K, used 446077K [0x0000000080000000, 0x0000000100000000)
  region size 1024K, 9 young (9216K), 9 survivors (9216K)
 Metaspace       used 141973K, capacity 146342K, committed 146504K, reserved 1177600K
  class space    used 17475K, capacity 19076K, committed 19200K, reserved 1048576K
}
Event: 2106.720 GC heap before
{Heap before GC invocations=100 (full 0):
 garbage-first heap   total 584704K, used 508541K [0x0000000080000000, 0x0000000100000000)
  region size 1024K, 56 young (57344K), 9 survivors (9216K)
 Metaspace       used 142024K, capacity 146417K, committed 146760K, reserved 1177600K
  class space    used 17477K, capacity 19079K, committed 19200K, reserved 1048576K
}
Event: 2106.757 GC heap after
{Heap after GC invocations=101 (full 0):
 garbage-first heap   total 584704K, used 451584K [0x0000000080000000, 0x0000000100000000)
  region size 1024K, 5 young (5120K), 5 survivors (5120K)
 Metaspace       used 142024K, capacity 146417K, committed 146760K, reserved 1177600K
  class space    used 17477K, capacity 19079K, committed 19200K, reserved 1048576K
}
Event: 2110.865 GC heap before
{Heap before GC invocations=101 (full 0):
 garbage-first heap   total 584704K, used 497664K [0x0000000080000000, 0x0000000100000000)
  region size 1024K, 51 young (52224K), 5 survivors (5120K)
 Metaspace       used 142074K, capacity 146481K, committed 146760K, reserved 1177600K
  class space    used 17477K, capacity 19079K, committed 19200K, reserved 1048576K
}
Event: 2110.882 GC heap after
{Heap after GC invocations=102 (full 0):
 garbage-first heap   total 584704K, used 453827K [0x0000000080000000, 0x0000000100000000)
  region size 1024K, 5 young (5120K), 5 survivors (5120K)
 Metaspace       used 142074K, capacity 146481K, committed 146760K, reserved 1177600K
  class space    used 17477K, capacity 19079K, committed 19200K, reserved 1048576K
}
Event: 2185.015 GC heap before
{Heap before GC invocations=102 (full 0):
 garbage-first heap   total 584704K, used 509123K [0x0000000080000000, 0x0000000100000000)
  region size 1024K, 51 young (52224K), 5 survivors (5120K)
 Metaspace       used 142136K, capacity 146554K, committed 146760K, reserved 1177600K
  class space    used 17477K, capacity 19079K, committed 19200K, reserved 1048576K
}
Event: 2185.030 GC heap after
{Heap after GC invocations=103 (full 0):
 garbage-first heap   total 584704K, used 451817K [0x0000000080000000, 0x0000000100000000)
  region size 1024K, 3 young (3072K), 3 survivors (3072K)
 Metaspace       used 142136K, capacity 146554K, committed 146760K, reserved 1177600K
  class space    used 17477K, capacity 19079K, committed 19200K, reserved 1048576K
}

